<?xml version="1.0" encoding="UTF-8"?>
<!-- Generated by org.testng.reporters.JUnitReportReporter -->
<testsuite hostname="DESKTOP-LHK9284" failures="0" tests="2" name="testNG.V01TestNGInstallationCheck" time="0.023" errors="0" timestamp="2024-04-10T21:10:25 IST" skipped="0">
  <testcase classname="testNG.V01TestNGInstallationCheck" name="test" time="0.020"/>
  <system-out/>
  <testcase classname="testNG.V01TestNGInstallationCheck" name="testNGInstallationCheck" time="0.003"/>
  <system-out/>
</testsuite> <!-- testNG.V01TestNGInstallationCheck -->
