<?xml version="1.0" encoding="UTF-8"?>
<!-- Generated by org.testng.reporters.JUnitReportReporter -->
<testsuite hostname="DESKTOP-LHK9284" failures="0" tests="1" name="testNG.TestNGInstallationCheck" time="0.014" errors="0" timestamp="2022-09-15T23:38:41 IST" skipped="0">
  <testcase classname="testNG.TestNGInstallationCheck" name="checkInstallation" time="0.014"/>
  <system-out/>
</testsuite> <!-- testNG.TestNGInstallationCheck -->
