<?xml version="1.0" encoding="UTF-8"?>
<!-- Generated by org.testng.reporters.JUnitReportReporter -->
<testsuite hostname="DESKTOP-LHK9284" failures="0" tests="2" name="crossBrowser.V01CrossBrowser" time="0.009" errors="0" timestamp="2022-11-24T11:57:16 IST" skipped="0">
  <testcase classname="crossBrowser.V01CrossBrowser" name="Test1" time="0.008"/>
  <system-out/>
  <testcase classname="crossBrowser.V01CrossBrowser" name="Test1" time="0.001"/>
  <system-out/>
</testsuite> <!-- crossBrowser.V01CrossBrowser -->
