<?xml version="1.0" encoding="UTF-8"?>
<!-- Generated by org.testng.reporters.JUnitReportReporter -->
<testsuite hostname="DESKTOP-LHK9284" failures="0" tests="3" name="test_package.V05xpath" time="92.111" errors="0" timestamp="2024-04-17T12:02:40 IST" skipped="0">
  <testcase classname="test_package.V05xpath" name="openWebpage" time="21.047"/>
  <system-out/>
  <testcase classname="test_package.V05xpath" name="logIn" time="34.143"/>
  <system-out/>
  <testcase classname="test_package.V05xpath" name="forgetPassword" time="36.921"/>
  <system-out/>
</testsuite> <!-- test_package.V05xpath -->
