<?xml version="1.0" encoding="UTF-8"?>
<!-- Generated by org.testng.reporters.JUnitReportReporter -->
<testsuite hostname="DESKTOP-LHK9284" failures="0" tests="2" name="testPack1.GoogleTest1" time="39.528" errors="0" timestamp="2024-04-22T18:22:07 IST" skipped="0">
  <testcase classname="testPack1.GoogleTest1" name="search" time="28.315"/>
  <system-out/>
  <testcase classname="testPack1.GoogleTest1" name="openWebpage" time="11.213"/>
  <system-out/>
</testsuite> <!-- testPack1.GoogleTest1 -->
