<?xml version="1.0" encoding="UTF-8"?>
<!-- Generated by org.testng.reporters.JUnitReportReporter -->
<testsuite hostname="DESKTOP-LHK9284" failures="0" tests="3" name="test_package.V05xpath" time="72.641" errors="0" timestamp="2024-04-22T18:14:45 IST" skipped="0">
  <testcase classname="test_package.V05xpath" name="openWebpage" time="21.241"/>
  <system-out/>
  <testcase classname="test_package.V05xpath" name="logIn" time="29.994"/>
  <system-out/>
  <testcase classname="test_package.V05xpath" name="forgetPassword" time="21.406"/>
  <system-out/>
</testsuite> <!-- test_package.V05xpath -->
