<?xml version="1.0" encoding="UTF-8"?>
<!-- Generated by org.testng.reporters.JUnitReportReporter -->
<testsuite hostname="DESKTOP-LHK9284" failures="0" tests="3" name="test_package.V02Test" time="46.615" errors="0" timestamp="2024-04-11T14:20:46 IST" skipped="0">
  <testcase classname="test_package.V02Test" name="test1" time="0.004"/>
  <system-out/>
  <testcase classname="test_package.V02Test" name="Test3" time="21.774"/>
  <system-out/>
  <testcase classname="test_package.V02Test" name="test2" time="24.837"/>
  <system-out/>
</testsuite> <!-- test_package.V02Test -->
