<?xml version="1.0" encoding="UTF-8"?>
<!-- Generated by org.testng.reporters.JUnitReportReporter -->
<testsuite hostname="DESKTOP-LHK9284" failures="0" tests="1" name="testNG.V02TestNG" time="37.243" errors="0" timestamp="2022-09-24T20:36:29 IST" skipped="0">
  <testcase classname="testNG.V02TestNG" name="test1" time="37.243"/>
  <system-out/>
</testsuite> <!-- testNG.V02TestNG -->
