<?xml version="1.0" encoding="UTF-8"?>
<!-- Generated by org.testng.reporters.JUnitReportReporter -->
<testsuite hostname="DESKTOP-LHK9284" failures="0" tests="1" name="alertPopup.V04Alert" time="53.258" errors="0" timestamp="2022-12-08T16:08:46 IST" skipped="0">
  <testcase classname="alertPopup.V04Alert" name="alert" time="53.258"/>
  <system-out/>
</testsuite> <!-- alertPopup.V04Alert -->
