<?xml version="1.0" encoding="UTF-8"?>
<!-- Generated by org.testng.reporters.JUnitReportReporter -->
<testsuite hostname="DESKTOP-LHK9284" failures="0" tests="4" name="testNG.V03testAnnotationsDemo" time="0.028" errors="0" timestamp="2022-09-24T20:45:33 IST" skipped="1">
  <testcase classname="testNG.V03testAnnotationsDemo" name="test1" time="0.011"/>
  <system-out/>
  <testcase classname="testNG.V03testAnnotationsDemo" name="test1" time="0.004"/>
  <system-out/>
  <testcase classname="testNG.V03testAnnotationsDemo" name="demo" time="0.013"/>
  <system-out/>
  <testcase classname="testNG.V03testAnnotationsDemo" name="dummy">
    <skipped/>
  </testcase> <!-- dummy -->
  <system-out/>
</testsuite> <!-- testNG.V03testAnnotationsDemo -->
