<?xml version="1.0" encoding="UTF-8"?>
<!-- Generated by org.testng.reporters.JUnitReportReporter -->
<testsuite hostname="DESKTOP-LHK9284" failures="0" tests="1" name="waits.V01Implicit" time="0.422" errors="0" timestamp="2022-10-17T15:55:33 IST" skipped="0">
  <testcase classname="waits.V01Implicit" name="Test" time="0.422"/>
  <system-out/>
</testsuite> <!-- waits.V01Implicit -->
