<?xml version="1.0" encoding="UTF-8"?>
<!-- Generated by org.testng.reporters.JUnitReportReporter -->
<testsuite hostname="DESKTOP-LHK9284" failures="0" tests="2" name="test_package.V06xpath" time="19.687" errors="0" timestamp="2024-04-22T18:15:58 IST" skipped="0">
  <testcase classname="test_package.V06xpath" name="openWebpage" time="4.481"/>
  <system-out/>
  <testcase classname="test_package.V06xpath" name="search" time="15.206"/>
  <system-out/>
</testsuite> <!-- test_package.V06xpath -->
