<?xml version="1.0" encoding="UTF-8"?>
<!-- Generated by org.testng.reporters.JUnitReportReporter -->
<testsuite hostname="DESKTOP-LHK9284" failures="0" tests="1" name="test_package.V06xpath" time="15.632" errors="0" timestamp="2024-04-12T00:26:47 IST" skipped="0">
  <testcase classname="test_package.V06xpath" name="search" time="15.632"/>
  <system-out/>
</testsuite> <!-- test_package.V06xpath -->
