<?xml version="1.0" encoding="UTF-8"?>
<!-- Generated by org.testng.reporters.JUnitReportReporter -->
<testsuite hostname="DESKTOP-LHK9284" failures="0" tests="1" name="testPack1.TestAlert" time="85.952" errors="0" timestamp="2024-04-22T20:21:03 IST" skipped="0">
  <testcase classname="testPack1.TestAlert" name="OpenWebPage" time="85.952"/>
  <system-out/>
</testsuite> <!-- testPack1.TestAlert -->
