<?xml version="1.0" encoding="UTF-8"?>
<!-- Generated by org.testng.reporters.JUnitReportReporter -->
<testsuite hostname="DESKTOP-LHK9284" failures="0" tests="2" name="test_package.V07DropdownList" time="29.900" errors="0" timestamp="2024-04-12T13:12:05 IST" skipped="0">
  <testcase classname="test_package.V07DropdownList" name="openWebpage" time="4.962"/>
  <system-out/>
  <testcase classname="test_package.V07DropdownList" name="signupPage" time="24.938"/>
  <system-out/>
</testsuite> <!-- test_package.V07DropdownList -->
