<?xml version="1.0" encoding="UTF-8"?>
<!-- Generated by org.testng.reporters.JUnitReportReporter -->
<testsuite hostname="DESKTOP-LHK9284" failures="0" tests="1" name="testNG.V04Annotations" time="0.008" errors="0" timestamp="2022-09-24T20:36:29 IST" skipped="0">
  <testcase classname="testNG.V04Annotations" name="test1" time="0.008"/>
  <system-out/>
</testsuite> <!-- testNG.V04Annotations -->
