<?xml version="1.0" encoding="UTF-8"?>
<!-- Generated by org.testng.reporters.JUnitReportReporter -->
<testsuite hostname="DESKTOP-LHK9284" failures="0" tests="1" name="testNG.V01TestNG" time="30.540" errors="0" timestamp="2022-09-24T20:36:29 IST" skipped="0">
  <testcase classname="testNG.V01TestNG" name="checkTC1" time="30.540"/>
  <system-out/>
</testsuite> <!-- testNG.V01TestNG -->
